<?xml version="1.0" encoding="UTF-8"?>
<!-- Generated by org.testng.reporters.JUnitReportReporter -->
<testsuite skipped="0" hostname="WINCTRL-E1KQTA4" name="tests.Tests" tests="1" failures="0" timestamp="24 Jul 2020 08:27:07 GMT" time="24.741" errors="0">
  <testcase name="loginlogout" time="24.741" classname="tests.Tests"/>
</testsuite> <!-- tests.Tests -->
