<?xml version="1.0" encoding="UTF-8"?>
<!-- Generated by org.testng.reporters.JUnitReportReporter -->
<testsuite skipped="0" hostname="WINCTRL-E1KQTA4" name="tests.BaseClass" tests="2" failures="0" timestamp="28 Jun 2020 19:09:31 GMT" time="474.109" errors="2">
  <testcase name="sampleTest" time="20.057" classname="tests.BaseClass">
    <error type="org.openqa.selenium.WebDriverException" message="An unknown server-side error occurred while processing the command. Original error: Error attempting to start URI. Original error: Error: Error executing adbExec. Original error: &#039;Command &#039;&#039;C:\\Users\\Neelanjan Basu\\AppData\\Local\\Android\\Sdk\\platform-tools\\adb.exe&#039; -P 5037 -s 42002e4e97e374d1 shell am start -W -a android.intent.action.VIEW -d https\://yahoo.com com.android.chrome&#039; timed out after 20000ms&#039;. Try to increase the 20000ms adb execution timeout represented by &#039;adbExecTimeout&#039; capability
Build info: version: &#039;3.141.59&#039;, revision: &#039;e82be7d358&#039;, time: &#039;2018-11-14T08:17:03&#039;
System info: host: &#039;WINCTRL-E1KQTA4&#039;, ip: &#039;192.168.31.205&#039;, os.name: &#039;Windows 8.1&#039;, os.arch: &#039;amd64&#039;, os.version: &#039;6.3&#039;, java.version: &#039;1.8.0_251&#039;
Driver info: io.appium.java_client.AppiumDriver
Capabilities {appActivity: org.chromium.chrome.browser..., appPackage: com.android.chrome, databaseEnabled: false, desired: {appActivity: org.chromium.chrome.browser..., appPackage: com.android.chrome, deviceName: Galaxy On Max, platformName: android, platformVersion: 8.1.0, udid: 42002e4e97e374d1}, deviceApiLevel: 27, deviceManufacturer: samsung, deviceModel: SM-G615FU, deviceName: 42002e4e97e374d1, deviceScreenDensity: 420, deviceScreenSize: 1080x1920, deviceUDID: 42002e4e97e374d1, javascriptEnabled: true, locationContextEnabled: false, networkConnectionEnabled: true, pixelRatio: 2.625, platform: LINUX, platformName: Android, platformVersion: 8.1.0, statBarHeight: 63, takesScreenshot: true, udid: 42002e4e97e374d1, viewportRect: {height: 1857, left: 0, top: 63, width: 1080}, warnings: {}, webStorageEnabled: false}
Session ID: 1204ee24-15d8-487c-aba0-3cb9aaff96d3">
      <![CDATA[org.openqa.selenium.WebDriverException: An unknown server-side error occurred while processing the command. Original error: Error attempting to start URI. Original error: Error: Error executing adbExec. Original error: 'Command ''C:\\Users\\Neelanjan Basu\\AppData\\Local\\Android\\Sdk\\platform-tools\\adb.exe' -P 5037 -s 42002e4e97e374d1 shell am start -W -a android.intent.action.VIEW -d https\://yahoo.com com.android.chrome' timed out after 20000ms'. Try to increase the 20000ms adb execution timeout represented by 'adbExecTimeout' capability
Build info: version: '3.141.59', revision: 'e82be7d358', time: '2018-11-14T08:17:03'
System info: host: 'WINCTRL-E1KQTA4', ip: '192.168.31.205', os.name: 'Windows 8.1', os.arch: 'amd64', os.version: '6.3', java.version: '1.8.0_251'
Driver info: io.appium.java_client.AppiumDriver
Capabilities {appActivity: org.chromium.chrome.browser..., appPackage: com.android.chrome, databaseEnabled: false, desired: {appActivity: org.chromium.chrome.browser..., appPackage: com.android.chrome, deviceName: Galaxy On Max, platformName: android, platformVersion: 8.1.0, udid: 42002e4e97e374d1}, deviceApiLevel: 27, deviceManufacturer: samsung, deviceModel: SM-G615FU, deviceName: 42002e4e97e374d1, deviceScreenDensity: 420, deviceScreenSize: 1080x1920, deviceUDID: 42002e4e97e374d1, javascriptEnabled: true, locationContextEnabled: false, networkConnectionEnabled: true, pixelRatio: 2.625, platform: LINUX, platformName: Android, platformVersion: 8.1.0, statBarHeight: 63, takesScreenshot: true, udid: 42002e4e97e374d1, viewportRect: {height: 1857, left: 0, top: 63, width: 1080}, warnings: {}, webStorageEnabled: false}
Session ID: 1204ee24-15d8-487c-aba0-3cb9aaff96d3
at sun.reflect.NativeConstructorAccessorImpl.newInstance0(Native Method)
at sun.reflect.NativeConstructorAccessorImpl.newInstance(Unknown Source)
at sun.reflect.DelegatingConstructorAccessorImpl.newInstance(Unknown Source)
at java.lang.reflect.Constructor.newInstance(Unknown Source)
at org.openqa.selenium.remote.http.W3CHttpResponseCodec.createException(W3CHttpResponseCodec.java:187)
at org.openqa.selenium.remote.http.W3CHttpResponseCodec.decode(W3CHttpResponseCodec.java:122)
at org.openqa.selenium.remote.http.W3CHttpResponseCodec.decode(W3CHttpResponseCodec.java:49)
at org.openqa.selenium.remote.HttpCommandExecutor.execute(HttpCommandExecutor.java:158)
at io.appium.java_client.remote.AppiumCommandExecutor.execute(AppiumCommandExecutor.java:239)
at org.openqa.selenium.remote.RemoteWebDriver.execute(RemoteWebDriver.java:552)
at io.appium.java_client.DefaultGenericMobileDriver.execute(DefaultGenericMobileDriver.java:41)
at io.appium.java_client.AppiumDriver.execute(AppiumDriver.java:1)
at org.openqa.selenium.remote.RemoteWebDriver.get(RemoteWebDriver.java:277)
at tests.BaseClass.sampleTest(BaseClass.java:63)
at sun.reflect.NativeMethodAccessorImpl.invoke0(Native Method)
at sun.reflect.NativeMethodAccessorImpl.invoke(Unknown Source)
at sun.reflect.DelegatingMethodAccessorImpl.invoke(Unknown Source)
at java.lang.reflect.Method.invoke(Unknown Source)
at org.testng.internal.MethodInvocationHelper.invokeMethod(MethodInvocationHelper.java:124)
at org.testng.internal.Invoker.invokeMethod(Invoker.java:583)
at org.testng.internal.Invoker.invokeTestMethod(Invoker.java:719)
at org.testng.internal.Invoker.invokeTestMethods(Invoker.java:989)
at org.testng.internal.TestMethodWorker.invokeTestMethods(TestMethodWorker.java:125)
at org.testng.internal.TestMethodWorker.run(TestMethodWorker.java:109)
at org.testng.TestRunner.privateRun(TestRunner.java:648)
at org.testng.TestRunner.run(TestRunner.java:505)
at org.testng.SuiteRunner.runTest(SuiteRunner.java:455)
at org.testng.SuiteRunner.runSequentially(SuiteRunner.java:450)
at org.testng.SuiteRunner.privateRun(SuiteRunner.java:415)
at org.testng.SuiteRunner.run(SuiteRunner.java:364)
at org.testng.SuiteRunnerWorker.runSuite(SuiteRunnerWorker.java:52)
at org.testng.SuiteRunnerWorker.run(SuiteRunnerWorker.java:84)
at org.testng.TestNG.runSuitesSequentially(TestNG.java:1208)
at org.testng.TestNG.runSuitesLocally(TestNG.java:1137)
at org.testng.TestNG.runSuites(TestNG.java:1049)
at org.testng.TestNG.run(TestNG.java:1017)
at org.testng.remote.AbstractRemoteTestNG.run(AbstractRemoteTestNG.java:114)
at org.testng.remote.RemoteTestNG.initAndRun(RemoteTestNG.java:251)
at org.testng.remote.RemoteTestNG.main(RemoteTestNG.java:77)
]]>
    </error>
  </testcase> <!-- sampleTest -->
  <testcase name="teardown" time="454.052" classname="tests.BaseClass">
    <error type="org.openqa.selenium.WebDriverException" message="An unknown server-side error occurred while processing the command. Original error: Could not proxy. Proxy error: Could not proxy command to remote server. Original error: 404 - undefined
Build info: version: &#039;3.141.59&#039;, revision: &#039;e82be7d358&#039;, time: &#039;2018-11-14T08:17:03&#039;
System info: host: &#039;WINCTRL-E1KQTA4&#039;, ip: &#039;192.168.31.205&#039;, os.name: &#039;Windows 8.1&#039;, os.arch: &#039;amd64&#039;, os.version: &#039;6.3&#039;, java.version: &#039;1.8.0_251&#039;
Driver info: io.appium.java_client.AppiumDriver
Capabilities {appActivity: org.chromium.chrome.browser..., appPackage: com.android.chrome, databaseEnabled: false, desired: {appActivity: org.chromium.chrome.browser..., appPackage: com.android.chrome, deviceName: Galaxy On Max, platformName: android, platformVersion: 8.1.0, udid: 42002e4e97e374d1}, deviceApiLevel: 27, deviceManufacturer: samsung, deviceModel: SM-G615FU, deviceName: 42002e4e97e374d1, deviceScreenDensity: 420, deviceScreenSize: 1080x1920, deviceUDID: 42002e4e97e374d1, javascriptEnabled: true, locationContextEnabled: false, networkConnectionEnabled: true, pixelRatio: 2.625, platform: LINUX, platformName: Android, platformVersion: 8.1.0, statBarHeight: 63, takesScreenshot: true, udid: 42002e4e97e374d1, viewportRect: {height: 1857, left: 0, top: 63, width: 1080}, warnings: {}, webStorageEnabled: false}
Session ID: 1204ee24-15d8-487c-aba0-3cb9aaff96d3">
      <![CDATA[org.openqa.selenium.WebDriverException: An unknown server-side error occurred while processing the command. Original error: Could not proxy. Proxy error: Could not proxy command to remote server. Original error: 404 - undefined
Build info: version: '3.141.59', revision: 'e82be7d358', time: '2018-11-14T08:17:03'
System info: host: 'WINCTRL-E1KQTA4', ip: '192.168.31.205', os.name: 'Windows 8.1', os.arch: 'amd64', os.version: '6.3', java.version: '1.8.0_251'
Driver info: io.appium.java_client.AppiumDriver
Capabilities {appActivity: org.chromium.chrome.browser..., appPackage: com.android.chrome, databaseEnabled: false, desired: {appActivity: org.chromium.chrome.browser..., appPackage: com.android.chrome, deviceName: Galaxy On Max, platformName: android, platformVersion: 8.1.0, udid: 42002e4e97e374d1}, deviceApiLevel: 27, deviceManufacturer: samsung, deviceModel: SM-G615FU, deviceName: 42002e4e97e374d1, deviceScreenDensity: 420, deviceScreenSize: 1080x1920, deviceUDID: 42002e4e97e374d1, javascriptEnabled: true, locationContextEnabled: false, networkConnectionEnabled: true, pixelRatio: 2.625, platform: LINUX, platformName: Android, platformVersion: 8.1.0, statBarHeight: 63, takesScreenshot: true, udid: 42002e4e97e374d1, viewportRect: {height: 1857, left: 0, top: 63, width: 1080}, warnings: {}, webStorageEnabled: false}
Session ID: 1204ee24-15d8-487c-aba0-3cb9aaff96d3
at sun.reflect.NativeConstructorAccessorImpl.newInstance0(Native Method)
at sun.reflect.NativeConstructorAccessorImpl.newInstance(Unknown Source)
at sun.reflect.DelegatingConstructorAccessorImpl.newInstance(Unknown Source)
at java.lang.reflect.Constructor.newInstance(Unknown Source)
at org.openqa.selenium.remote.http.W3CHttpResponseCodec.createException(W3CHttpResponseCodec.java:187)
at org.openqa.selenium.remote.http.W3CHttpResponseCodec.decode(W3CHttpResponseCodec.java:122)
at org.openqa.selenium.remote.http.W3CHttpResponseCodec.decode(W3CHttpResponseCodec.java:49)
at org.openqa.selenium.remote.HttpCommandExecutor.execute(HttpCommandExecutor.java:158)
at io.appium.java_client.remote.AppiumCommandExecutor.execute(AppiumCommandExecutor.java:239)
at org.openqa.selenium.remote.RemoteWebDriver.execute(RemoteWebDriver.java:552)
at io.appium.java_client.DefaultGenericMobileDriver.execute(DefaultGenericMobileDriver.java:45)
at io.appium.java_client.AppiumDriver.execute(AppiumDriver.java:1)
at org.openqa.selenium.remote.RemoteWebDriver.close(RemoteWebDriver.java:442)
at tests.BaseClass.teardown(BaseClass.java:74)
at sun.reflect.NativeMethodAccessorImpl.invoke0(Native Method)
at sun.reflect.NativeMethodAccessorImpl.invoke(Unknown Source)
at sun.reflect.DelegatingMethodAccessorImpl.invoke(Unknown Source)
at java.lang.reflect.Method.invoke(Unknown Source)
at org.testng.internal.MethodInvocationHelper.invokeMethod(MethodInvocationHelper.java:124)
at org.testng.internal.MethodInvocationHelper.invokeMethodConsideringTimeout(MethodInvocationHelper.java:59)
at org.testng.internal.Invoker.invokeConfigurationMethod(Invoker.java:458)
at org.testng.internal.Invoker.invokeConfigurations(Invoker.java:222)
at org.testng.internal.Invoker.invokeConfigurations(Invoker.java:142)
at org.testng.SuiteRunner.privateRun(SuiteRunner.java:425)
at org.testng.SuiteRunner.run(SuiteRunner.java:364)
at org.testng.SuiteRunnerWorker.runSuite(SuiteRunnerWorker.java:52)
at org.testng.SuiteRunnerWorker.run(SuiteRunnerWorker.java:84)
at org.testng.TestNG.runSuitesSequentially(TestNG.java:1208)
at org.testng.TestNG.runSuitesLocally(TestNG.java:1137)
at org.testng.TestNG.runSuites(TestNG.java:1049)
at org.testng.TestNG.run(TestNG.java:1017)
at org.testng.remote.AbstractRemoteTestNG.run(AbstractRemoteTestNG.java:114)
at org.testng.remote.RemoteTestNG.initAndRun(RemoteTestNG.java:251)
at org.testng.remote.RemoteTestNG.main(RemoteTestNG.java:77)
]]>
    </error>
  </testcase> <!-- teardown -->
</testsuite> <!-- tests.BaseClass -->
